<?xml version="1.0" encoding="UTF-8"?>
<!-- Generated by org.testng.reporters.JUnitReportReporter -->
<testsuite hostname="K425LTRV" failures="0" tests="1" name="testcases.TestFilters" time="0.347" errors="0" timestamp="2024-06-11T08:20:29 IST" skipped="0">
  <testcase classname="testcases.TestFilters" name="testOpenSite" time="0.347"/>
</testsuite> <!-- testcases.TestFilters -->
